  main.cpp
C:\Users\wxarm\source\repos\ACO\ACO\main.cpp(315,31): warning C4018: '>': signed/unsigned mismatch
C:\Users\wxarm\source\repos\ACO\ACO\main.cpp(355): message : see reference to function template instantiation 'void Experiment<Problem,PhMem,ACS>::set_acs_parameters<ACSParameters>(T &)' being compiled
          with
          [
              Problem=SOPInstance,
              PhMem=LRUPheromoneMemory,
              T=ACSParameters
          ]
C:\Users\wxarm\source\repos\ACO\ACO\main.cpp(355): message : see reference to function template instantiation 'void Experiment<Problem,PhMem,ACS>::set_acs_parameters<ACSParameters>(T &)' being compiled
          with
          [
              Problem=SOPInstance,
              PhMem=LRUPheromoneMemory,
              T=ACSParameters
          ]
C:\Users\wxarm\source\repos\ACO\ACO\main.cpp(354): message : while compiling class template member function 'void Experiment<Problem,PhMem,ACS>::set_parameters(ACSParameters &)'
          with
          [
              Problem=SOPInstance,
              PhMem=LRUPheromoneMemory
          ]
C:\Users\wxarm\source\repos\ACO\ACO\main.cpp(272): message : see reference to function template instantiation 'void Experiment<Problem,PhMem,ACS>::set_parameters(ACSParameters &)' being compiled
          with
          [
              Problem=SOPInstance,
              PhMem=LRUPheromoneMemory
          ]
C:\Users\wxarm\source\repos\ACO\ACO\main.cpp(521): message : see reference to class template instantiation 'Experiment<Problem,PhMem,ACS>' being compiled
          with
          [
              Problem=SOPInstance,
              PhMem=LRUPheromoneMemory
          ]
C:\Users\wxarm\source\repos\ACO\ACO\main.cpp(552): message : see reference to function template instantiation 'void run_experiment_helper<Problem,LRUPheromoneMemory>(std::shared_ptr<SOPInstance>,RNG &,std::string)' being compiled
          with
          [
              Problem=SOPInstance
          ]
C:\Users\wxarm\source\repos\ACO\ACO\main.cpp(579): message : see reference to function template instantiation 'void run_experiment<SOPInstance>(std::shared_ptr<SOPInstance>,RNG &,std::string,std::string)' being compiled
C:\Users\wxarm\source\repos\ACO\ACO\main.cpp(91,63): warning C4244: '=': conversion from 'uint64_t' to 'uint32_t', possible loss of data
C:\Users\wxarm\source\repos\ACO\ACO\main.cpp(87): message : while compiling class template member function 'void RecordBasicRunProgressACS<Algorithm>::finished(ACS_t &)'
          with
          [
              Algorithm=ACS<ACSNodeSelectionImpl<ProblemModel<TSPInstance>>,StandardPheromoneMemory>,
              ACS_t=ACS<ACSNodeSelectionImpl<ProblemModel<TSPInstance>>,StandardPheromoneMemory>
          ]
C:\Program Files (x86)\Microsoft Visual Studio\2019\Community\VC\Tools\MSVC\14.28.29910\include\type_traits(355): message : see reference to class template instantiation 'RecordBasicRunProgressACS<Algorithm>' being compiled
          with
          [
              Algorithm=ACS<ACSNodeSelectionImpl<ProblemModel<TSPInstance>>,StandardPheromoneMemory>
          ]
C:\Program Files (x86)\Microsoft Visual Studio\2019\Community\VC\Tools\MSVC\14.28.29910\include\memory(1608): message : see reference to class template instantiation 'std::is_convertible<_Yty *,_Ty *>' being compiled
          with
          [
              _Yty=RecordBasicRunProgressACS<ACS<ACSNodeSelectionImpl<ProblemModel<TSPInstance>>,StandardPheromoneMemory>>,
              _Ty=ProgressVisitor<ACS<ACSNodeSelectionImpl<ProblemModel<TSPInstance>>,StandardPheromoneMemory>>
          ]
C:\Users\wxarm\source\repos\ACO\ACO\main.cpp(178): message : see reference to class template instantiation 'std::_SP_pointer_compatible<RecordBasicRunProgressACS<Algorithm>,ProgressVisitor<ACS<ACSNodeSelectionImpl<ProblemModel<TSPInstance>>,StandardPheromoneMemory>>>' being compiled
          with
          [
              Algorithm=ACS<ACSNodeSelectionImpl<ProblemModel<TSPInstance>>,StandardPheromoneMemory>
          ]
C:\Users\wxarm\source\repos\ACO\ACO\main.cpp(226): message : see reference to function template instantiation 'void create_progress_visitor<_Ty2>(Algorithm &)' being compiled
          with
          [
              _Ty2=ACS<ACSNodeSelectionImpl<ProblemModel<TSPInstance>>,StandardPheromoneMemory>,
              Algorithm=ACS<ACSNodeSelectionImpl<ProblemModel<TSPInstance>>,StandardPheromoneMemory>
          ]
C:\Users\wxarm\source\repos\ACO\ACO\main.cpp(275): message : see reference to function template instantiation 'void Experiment<Problem,PhMem,ACS>::execute<ACS<ACSNodeSelectionImpl<ProblemModel<TSPInstance>>,StandardPheromoneMemory>>(std::shared_ptr<ACS<ACSNodeSelectionImpl<ProblemModel<TSPInstance>>,StandardPheromoneMemory>>,std::shared_ptr<StopCondition>,uint32_t,std::shared_ptr<LocalSearch>)' being compiled
          with
          [
              Problem=TSPInstance,
              PhMem=StandardPheromoneMemory
          ]
C:\Users\wxarm\source\repos\ACO\ACO\main.cpp(275): message : see reference to function template instantiation 'void Experiment<Problem,PhMem,ACS>::execute<ACS<ACSNodeSelectionImpl<ProblemModel<TSPInstance>>,StandardPheromoneMemory>>(std::shared_ptr<ACS<ACSNodeSelectionImpl<ProblemModel<TSPInstance>>,StandardPheromoneMemory>>,std::shared_ptr<StopCondition>,uint32_t,std::shared_ptr<LocalSearch>)' being compiled
          with
          [
              Problem=TSPInstance,
              PhMem=StandardPheromoneMemory
          ]
C:\Users\wxarm\source\repos\ACO\ACO\main.cpp(270): message : while compiling class template member function 'void Experiment<Problem,PhMem,ACS>::run_sa_version(std::shared_ptr<StopCondition>,uint32_t,std::shared_ptr<LocalSearch>)'
          with
          [
              Problem=TSPInstance,
              PhMem=StandardPheromoneMemory
          ]
C:\Users\wxarm\source\repos\ACO\ACO\main.cpp(504): message : see reference to function template instantiation 'void Experiment<Problem,PhMem,ACS>::run_sa_version(std::shared_ptr<StopCondition>,uint32_t,std::shared_ptr<LocalSearch>)' being compiled
          with
          [
              Problem=TSPInstance,
              PhMem=StandardPheromoneMemory
          ]
  ACO.vcxproj -> C:\Users\wxarm\source\repos\ACO\Debug\ACO.exe
