  main.cpp
C:\Users\wxarm\source\repos\ACO\ACO\main.cpp(239,35): warning C4018: '<': signed/unsigned mismatch
C:\Users\wxarm\source\repos\ACO\ACO\main.cpp(292): message : see reference to function template instantiation 'void Experiment<Problem,PhMem,EACS_SA>::execute<EACS_SA<ACSNodeSelectionImpl<ProblemModel<SOPInstance>>,LRUPheromoneMemory>>(std::shared_ptr<EACS_SA<ACSNodeSelectionImpl<ProblemModel<SOPInstance>>,LRUPheromoneMemory>>,std::shared_ptr<StopCondition>,uint32_t,std::shared_ptr<LocalSearch>)' being compiled
          with
          [
              Problem=SOPInstance,
              PhMem=LRUPheromoneMemory
          ]
C:\Users\wxarm\source\repos\ACO\ACO\main.cpp(292): message : see reference to function template instantiation 'void Experiment<Problem,PhMem,EACS_SA>::execute<EACS_SA<ACSNodeSelectionImpl<ProblemModel<SOPInstance>>,LRUPheromoneMemory>>(std::shared_ptr<EACS_SA<ACSNodeSelectionImpl<ProblemModel<SOPInstance>>,LRUPheromoneMemory>>,std::shared_ptr<StopCondition>,uint32_t,std::shared_ptr<LocalSearch>)' being compiled
          with
          [
              Problem=SOPInstance,
              PhMem=LRUPheromoneMemory
          ]
C:\Users\wxarm\source\repos\ACO\ACO\main.cpp(287): message : while compiling class template member function 'void Experiment<Problem,PhMem,EACS_SA>::run_sa_version(std::shared_ptr<StopCondition>,uint32_t,std::shared_ptr<LocalSearch>)'
          with
          [
              Problem=SOPInstance,
              PhMem=LRUPheromoneMemory
          ]
C:\Users\wxarm\source\repos\ACO\ACO\main.cpp(522): message : see reference to function template instantiation 'void Experiment<Problem,PhMem,EACS_SA>::run_sa_version(std::shared_ptr<StopCondition>,uint32_t,std::shared_ptr<LocalSearch>)' being compiled
          with
          [
              Problem=SOPInstance,
              PhMem=LRUPheromoneMemory
          ]
C:\Users\wxarm\source\repos\ACO\ACO\main.cpp(554): message : see reference to class template instantiation 'Experiment<Problem,PhMem,EACS_SA>' being compiled
          with
          [
              Problem=SOPInstance,
              PhMem=LRUPheromoneMemory
          ]
C:\Users\wxarm\source\repos\ACO\ACO\main.cpp(573): message : see reference to function template instantiation 'void run_experiment_helper<Problem,LRUPheromoneMemory>(std::shared_ptr<SOPInstance>,RNG &,std::string)' being compiled
          with
          [
              Problem=SOPInstance
          ]
C:\Users\wxarm\source\repos\ACO\ACO\main.cpp(601): message : see reference to function template instantiation 'void run_experiment<SOPInstance>(std::shared_ptr<SOPInstance>,RNG &,std::string,std::string)' being compiled
C:\Users\wxarm\source\repos\ACO\ACO\main.cpp(241,60): warning C4244: '=': conversion from 'double' to 'int', possible loss of data
C:\Users\wxarm\source\repos\ACO\ACO\main.cpp(332,31): warning C4018: '>': signed/unsigned mismatch
C:\Users\wxarm\source\repos\ACO\ACO\main.cpp(378): message : see reference to function template instantiation 'void Experiment<Problem,PhMem,EACS_SA>::set_acs_parameters<ACSSAParameters>(T &)' being compiled
          with
          [
              Problem=SOPInstance,
              PhMem=LRUPheromoneMemory,
              T=ACSSAParameters
          ]
C:\Users\wxarm\source\repos\ACO\ACO\main.cpp(378): message : see reference to function template instantiation 'void Experiment<Problem,PhMem,EACS_SA>::set_acs_parameters<ACSSAParameters>(T &)' being compiled
          with
          [
              Problem=SOPInstance,
              PhMem=LRUPheromoneMemory,
              T=ACSSAParameters
          ]
C:\Users\wxarm\source\repos\ACO\ACO\main.cpp(377): message : while compiling class template member function 'void Experiment<Problem,PhMem,EACS_SA>::set_parameters(ACSSAParameters &)'
          with
          [
              Problem=SOPInstance,
              PhMem=LRUPheromoneMemory
          ]
C:\Users\wxarm\source\repos\ACO\ACO\main.cpp(289): message : see reference to function template instantiation 'void Experiment<Problem,PhMem,EACS_SA>::set_parameters(ACSSAParameters &)' being compiled
          with
          [
              Problem=SOPInstance,
              PhMem=LRUPheromoneMemory
          ]
C:\Users\wxarm\source\repos\ACO\ACO\main.cpp(92,63): warning C4244: '=': conversion from 'uint64_t' to 'uint32_t', possible loss of data
C:\Users\wxarm\source\repos\ACO\ACO\main.cpp(88): message : while compiling class template member function 'void RecordBasicRunProgressACS<Algorithm>::finished(ACS_t &)'
          with
          [
              Algorithm=ACS<ACSNodeSelectionImpl<ProblemModel<TSPInstance>>,StandardPheromoneMemory>,
              ACS_t=ACS<ACSNodeSelectionImpl<ProblemModel<TSPInstance>>,StandardPheromoneMemory>
          ]
C:\Program Files (x86)\Microsoft Visual Studio\2019\Community\VC\Tools\MSVC\14.28.29910\include\type_traits(355): message : see reference to class template instantiation 'RecordBasicRunProgressACS<Algorithm>' being compiled
          with
          [
              Algorithm=ACS<ACSNodeSelectionImpl<ProblemModel<TSPInstance>>,StandardPheromoneMemory>
          ]
C:\Program Files (x86)\Microsoft Visual Studio\2019\Community\VC\Tools\MSVC\14.28.29910\include\memory(1608): message : see reference to class template instantiation 'std::is_convertible<_Yty *,_Ty *>' being compiled
          with
          [
              _Yty=RecordBasicRunProgressACS<ACS<ACSNodeSelectionImpl<ProblemModel<TSPInstance>>,StandardPheromoneMemory>>,
              _Ty=ProgressVisitor<ACS<ACSNodeSelectionImpl<ProblemModel<TSPInstance>>,StandardPheromoneMemory>>
          ]
C:\Users\wxarm\source\repos\ACO\ACO\main.cpp(179): message : see reference to class template instantiation 'std::_SP_pointer_compatible<RecordBasicRunProgressACS<Algorithm>,ProgressVisitor<ACS<ACSNodeSelectionImpl<ProblemModel<TSPInstance>>,StandardPheromoneMemory>>>' being compiled
          with
          [
              Algorithm=ACS<ACSNodeSelectionImpl<ProblemModel<TSPInstance>>,StandardPheromoneMemory>
          ]
C:\Users\wxarm\source\repos\ACO\ACO\main.cpp(229): message : see reference to function template instantiation 'void create_progress_visitor<_Ty2>(Algorithm &)' being compiled
          with
          [
              _Ty2=ACS<ACSNodeSelectionImpl<ProblemModel<TSPInstance>>,StandardPheromoneMemory>,
              Algorithm=ACS<ACSNodeSelectionImpl<ProblemModel<TSPInstance>>,StandardPheromoneMemory>
          ]
C:\Users\wxarm\source\repos\ACO\ACO\main.cpp(292): message : see reference to function template instantiation 'void Experiment<Problem,PhMem,ACS>::execute<ACS<ACSNodeSelectionImpl<ProblemModel<TSPInstance>>,StandardPheromoneMemory>>(std::shared_ptr<ACS<ACSNodeSelectionImpl<ProblemModel<TSPInstance>>,StandardPheromoneMemory>>,std::shared_ptr<StopCondition>,uint32_t,std::shared_ptr<LocalSearch>)' being compiled
          with
          [
              Problem=TSPInstance,
              PhMem=StandardPheromoneMemory
          ]
C:\Users\wxarm\source\repos\ACO\ACO\main.cpp(292): message : see reference to function template instantiation 'void Experiment<Problem,PhMem,ACS>::execute<ACS<ACSNodeSelectionImpl<ProblemModel<TSPInstance>>,StandardPheromoneMemory>>(std::shared_ptr<ACS<ACSNodeSelectionImpl<ProblemModel<TSPInstance>>,StandardPheromoneMemory>>,std::shared_ptr<StopCondition>,uint32_t,std::shared_ptr<LocalSearch>)' being compiled
          with
          [
              Problem=TSPInstance,
              PhMem=StandardPheromoneMemory
          ]
  Generating code
  16 of 3939 functions ( 0.4%) were compiled, the rest were copied from previous compilation.
    0 functions were new in current compilation
    5 functions had inline decision re-evaluated but remain unchanged
  Finished generating code
  ACO.vcxproj -> C:\Users\wxarm\source\repos\ACO\Release\ACO.exe
